********************************************************************************
DUPLICATOR-LITE PACKAGE-LOG: February 2, 2020 10:28 am
NOTICE: Do NOT post to public sites or forums 
********************************************************************************
VERSION:	1.3.24
WORDPRESS:	5.2.5
PHP INFO:	7.3.5 | SAPI: cgi-fcgi
SERVER:		nginx/1.16.0 
PHP TIME LIMIT: (0) no time limit imposed 
PHP MAX MEMORY: 4294967296 (256M default) 
MEMORY STACK: 2MB

********************************************************************************
DATABASE:
********************************************************************************
BUILD MODE:   PHP(query limit - 100)
MYSQLTIMEOUT: 5000
MYSQLDUMP:    Not Supported
TABLES: total:37 | filtered:0 | create:37
FILTERED: []
SQL CREATED: 20200202_iwet_bd13e6461335e7e96811_20200202102837_database.sql
SQL FILE SIZE: 2.04MB (2143161)
SQL FILE TIME: 2020-02-02 10:28:57
SQL RUNTIME: 2.29 sec.

********************************************************************************
ARCHIVE (ZIP):
********************************************************************************
ARCHIVE DIR:  E:/stuff 1/wordpress/Program Files/travel/app/public
ARCHIVE FILE: 20200202_iwet_bd13e6461335e7e96811_20200202102837_archive.zip
FILTERS: *OFF*
DIRS:
	not set
FILES:
	not set
EXTS:  not set
----------------------------------------
COMPRESSING
SIZE:	127.6MB
STATS:	Dirs 1,310 | Files 7,114
SQL ADDED: 20200202_iwet_bd13e6461335e7e96811_20200202102837_database.sql
ZipArchive Object
(
    [status] => 0
    [statusSys] => 0
    [numFiles] => 8424
    [filename] => E:\stuff 1\wordpress\Program Files\travel\app\public\wp-snapshots\tmp\20200202_iwet_bd13e6461335e7e96811_20200202102837_archive.zip
    [comment] => 
)

FILE ADDED TO ZIP: 8423
COMPRESSION RESULT: '1'
COMPRESSED SIZE: 44.99MB
ARCHIVE RUNTIME: 52.23 sec.
MEMORY STACK: 2MB
building installer
add_extra_files1
add_extra_files2
add_extra_files3
add_extra_files4
Doing archive file check
add_extra_files5
add_extra_files6
add_extra_files8
Successfully opened zip E:/stuff 1/wordpress/Program Files/travel/app/public/wp-snapshots/tmp/20200202_iwet_bd13e6461335e7e96811_20200202102837_archive.zip
Adding enhanced installer files to archive using ZipArchive
Installer files added to archive
Added to archive
After ziparchive close when adding installer

********************************************************************************
INTEGRITY CHECKS:
********************************************************************************
SQL FILE: 2.04MB
INSTALLER FILE: 60.52KB
ARCHIVE FILE: 46.34MB 
EXPECTED FILE/DIRECTORY COUNT: 8,424
ACTUAL FILE/DIRECTORY COUNT: 8,423
ARCHIVE CONSISTENCY TEST: Pass

********************************************************************************
RECORD ID:[2]
TOTAL PROCESS RUNTIME: 59.75 sec.
PEAK PHP MEMORY USED: 2MB
DONE PROCESSING => 20200202_iwet February 2, 2020 10:29 am

